CRITICAL - 2022-12-04 14:21:55 --> Undefined property: App\Controllers\Admin\Client::$session
in APPPATH/Controllers/Admin/Client.php on line 14.
 1 APPPATH/Controllers/Admin/Client.php(14): CodeIgniter\Debug\Exceptions->errorHandler(2, 'Undefined property: App\\Controllers\\Admin\\Client::$session', 'APPPATH/Controllers/Admin/Client.php', 14)
 2 SYSTEMPATH/CodeIgniter.php(889): App\Controllers\Admin\Client->__construct()
 3 SYSTEMPATH/CodeIgniter.php(473): CodeIgniter\CodeIgniter->createController()
 4 SYSTEMPATH/CodeIgniter.php(351): CodeIgniter\CodeIgniter->handleRequest(null, Object(Config\Cache), false)
 5 FCPATH/index.php(67): CodeIgniter\CodeIgniter->run()
CRITICAL - 2022-12-04 14:22:52 --> Undefined property: App\Controllers\Admin\Client::$session
in APPPATH/Controllers/Admin/Client.php on line 15.
 1 APPPATH/Controllers/Admin/Client.php(15): CodeIgniter\Debug\Exceptions->errorHandler(2, 'Undefined property: App\\Controllers\\Admin\\Client::$session', 'APPPATH/Controllers/Admin/Client.php', 15)
 2 SYSTEMPATH/CodeIgniter.php(889): App\Controllers\Admin\Client->__construct()
 3 SYSTEMPATH/CodeIgniter.php(473): CodeIgniter\CodeIgniter->createController()
 4 SYSTEMPATH/CodeIgniter.php(351): CodeIgniter\CodeIgniter->handleRequest(null, Object(Config\Cache), false)
 5 FCPATH/index.php(67): CodeIgniter\CodeIgniter->run()
CRITICAL - 2022-12-04 14:27:13 --> syntax error, unexpected token "else"
in APPPATH/Controllers/Admin/Client.php on line 12.
 1 SYSTEMPATH/Autoloader/Autoloader.php(259): CodeIgniter\Autoloader\Autoloader->includeFile('APPPATH/Controllers/Admin/Client.php')
 2 SYSTEMPATH/Autoloader/Autoloader.php(237): CodeIgniter\Autoloader\Autoloader->loadInNamespace('App\\Controllers\\Admin\\Client')
 3 [internal function]: CodeIgniter\Autoloader\Autoloader->loadClass('App\\Controllers\\Admin\\Client')
 4 SYSTEMPATH/CodeIgniter.php(877): class_exists('\\App\\Controllers\\Admin\\Client', true)
 5 SYSTEMPATH/CodeIgniter.php(469): CodeIgniter\CodeIgniter->startController()
 6 SYSTEMPATH/CodeIgniter.php(351): CodeIgniter\CodeIgniter->handleRequest(null, Object(Config\Cache), false)
 7 FCPATH/index.php(67): CodeIgniter\CodeIgniter->run()
CRITICAL - 2022-12-04 15:21:45 --> Undefined variable $search
in APPPATH/Views/admin/templates/header.php on line 40.
 1 APPPATH/Views/admin/templates/header.php(40): CodeIgniter\Debug\Exceptions->errorHandler(2, 'Undefined variable $search', 'APPPATH/Views/admin/templates/header.php', 40)
 2 SYSTEMPATH/View/View.php(213): include('APPPATH/Views/admin/templates/header.php')
 3 SYSTEMPATH/View/View.php(216): CodeIgniter\View\View->CodeIgniter\View\{closure}()
 4 SYSTEMPATH/Common.php(1134): CodeIgniter\View\View->render('admin/templates/header', [], true)
 5 APPPATH/Controllers/Admin/Admin.php(11): view('admin/templates/header')
 6 SYSTEMPATH/CodeIgniter.php(927): App\Controllers\Admin\Admin->index()
 7 SYSTEMPATH/CodeIgniter.php(482): CodeIgniter\CodeIgniter->runController(Object(App\Controllers\Admin\Admin))
 8 SYSTEMPATH/CodeIgniter.php(351): CodeIgniter\CodeIgniter->handleRequest(null, Object(Config\Cache), false)
 9 FCPATH/index.php(67): CodeIgniter\CodeIgniter->run()
CRITICAL - 2022-12-04 15:22:10 --> Undefined variable $search
in APPPATH/Views/admin/templates/header.php on line 40.
 1 APPPATH/Views/admin/templates/header.php(40): CodeIgniter\Debug\Exceptions->errorHandler(2, 'Undefined variable $search', 'APPPATH/Views/admin/templates/header.php', 40)
 2 SYSTEMPATH/View/View.php(213): include('APPPATH/Views/admin/templates/header.php')
 3 SYSTEMPATH/View/View.php(216): CodeIgniter\View\View->CodeIgniter\View\{closure}()
 4 SYSTEMPATH/Common.php(1134): CodeIgniter\View\View->render('admin/templates/header', [], true)
 5 APPPATH/Controllers/Admin/Admin.php(11): view('admin/templates/header')
 6 SYSTEMPATH/CodeIgniter.php(927): App\Controllers\Admin\Admin->index()
 7 SYSTEMPATH/CodeIgniter.php(482): CodeIgniter\CodeIgniter->runController(Object(App\Controllers\Admin\Admin))
 8 SYSTEMPATH/CodeIgniter.php(351): CodeIgniter\CodeIgniter->handleRequest(null, Object(Config\Cache), false)
 9 FCPATH/index.php(67): CodeIgniter\CodeIgniter->run()
CRITICAL - 2022-12-04 15:22:23 --> Undefined variable $search
in APPPATH/Views/admin/templates/header.php on line 40.
 1 APPPATH/Views/admin/templates/header.php(40): CodeIgniter\Debug\Exceptions->errorHandler(2, 'Undefined variable $search', 'APPPATH/Views/admin/templates/header.php', 40)
 2 SYSTEMPATH/View/View.php(213): include('APPPATH/Views/admin/templates/header.php')
 3 SYSTEMPATH/View/View.php(216): CodeIgniter\View\View->CodeIgniter\View\{closure}()
 4 SYSTEMPATH/Common.php(1134): CodeIgniter\View\View->render('admin/templates/header', [], true)
 5 APPPATH/Controllers/Admin/Admin.php(11): view('admin/templates/header')
 6 SYSTEMPATH/CodeIgniter.php(927): App\Controllers\Admin\Admin->index()
 7 SYSTEMPATH/CodeIgniter.php(482): CodeIgniter\CodeIgniter->runController(Object(App\Controllers\Admin\Admin))
 8 SYSTEMPATH/CodeIgniter.php(351): CodeIgniter\CodeIgniter->handleRequest(null, Object(Config\Cache), false)
 9 FCPATH/index.php(67): CodeIgniter\CodeIgniter->run()
CRITICAL - 2022-12-04 15:27:07 --> Undefined variable $search
in APPPATH/Views/admin/templates/header.php on line 40.
 1 APPPATH/Views/admin/templates/header.php(40): CodeIgniter\Debug\Exceptions->errorHandler(2, 'Undefined variable $search', 'APPPATH/Views/admin/templates/header.php', 40)
 2 SYSTEMPATH/View/View.php(213): include('APPPATH/Views/admin/templates/header.php')
 3 SYSTEMPATH/View/View.php(216): CodeIgniter\View\View->CodeIgniter\View\{closure}()
 4 SYSTEMPATH/Common.php(1134): CodeIgniter\View\View->render('admin/templates/header', [], true)
 5 APPPATH/Controllers/Admin/Admin.php(11): view('admin/templates/header')
 6 SYSTEMPATH/CodeIgniter.php(927): App\Controllers\Admin\Admin->index()
 7 SYSTEMPATH/CodeIgniter.php(482): CodeIgniter\CodeIgniter->runController(Object(App\Controllers\Admin\Admin))
 8 SYSTEMPATH/CodeIgniter.php(351): CodeIgniter\CodeIgniter->handleRequest(null, Object(Config\Cache), false)
 9 FCPATH/index.php(67): CodeIgniter\CodeIgniter->run()
CRITICAL - 2022-12-04 15:31:23 --> Undefined array key "pesquisa"
in APPPATH/Views/admin/templates/header.php on line 40.
 1 APPPATH/Views/admin/templates/header.php(40): CodeIgniter\Debug\Exceptions->errorHandler(2, 'Undefined array key "pesquisa"', 'APPPATH/Views/admin/templates/header.php', 40)
 2 SYSTEMPATH/View/View.php(213): include('APPPATH/Views/admin/templates/header.php')
 3 SYSTEMPATH/View/View.php(216): CodeIgniter\View\View->CodeIgniter\View\{closure}()
 4 SYSTEMPATH/Common.php(1134): CodeIgniter\View\View->render('admin/templates/header', [], true)
 5 APPPATH/Controllers/Admin/Admin.php(11): view('admin/templates/header')
 6 SYSTEMPATH/CodeIgniter.php(927): App\Controllers\Admin\Admin->index()
 7 SYSTEMPATH/CodeIgniter.php(482): CodeIgniter\CodeIgniter->runController(Object(App\Controllers\Admin\Admin))
 8 SYSTEMPATH/CodeIgniter.php(351): CodeIgniter\CodeIgniter->handleRequest(null, Object(Config\Cache), false)
 9 FCPATH/index.php(67): CodeIgniter\CodeIgniter->run()
CRITICAL - 2022-12-04 15:31:48 --> Undefined array key "pesquisa"
in APPPATH/Views/admin/templates/header.php on line 40.
 1 APPPATH/Views/admin/templates/header.php(40): CodeIgniter\Debug\Exceptions->errorHandler(2, 'Undefined array key "pesquisa"', 'APPPATH/Views/admin/templates/header.php', 40)
 2 SYSTEMPATH/View/View.php(213): include('APPPATH/Views/admin/templates/header.php')
 3 SYSTEMPATH/View/View.php(216): CodeIgniter\View\View->CodeIgniter\View\{closure}()
 4 SYSTEMPATH/Common.php(1134): CodeIgniter\View\View->render('admin/templates/header', [], true)
 5 APPPATH/Controllers/Admin/Admin.php(11): view('admin/templates/header')
 6 SYSTEMPATH/CodeIgniter.php(927): App\Controllers\Admin\Admin->index()
 7 SYSTEMPATH/CodeIgniter.php(482): CodeIgniter\CodeIgniter->runController(Object(App\Controllers\Admin\Admin))
 8 SYSTEMPATH/CodeIgniter.php(351): CodeIgniter\CodeIgniter->handleRequest(null, Object(Config\Cache), false)
 9 FCPATH/index.php(67): CodeIgniter\CodeIgniter->run()
CRITICAL - 2022-12-04 15:31:55 --> Undefined array key "pesquisa"
in APPPATH/Views/admin/templates/header.php on line 40.
 1 APPPATH/Views/admin/templates/header.php(40): CodeIgniter\Debug\Exceptions->errorHandler(2, 'Undefined array key "pesquisa"', 'APPPATH/Views/admin/templates/header.php', 40)
 2 SYSTEMPATH/View/View.php(213): include('APPPATH/Views/admin/templates/header.php')
 3 SYSTEMPATH/View/View.php(216): CodeIgniter\View\View->CodeIgniter\View\{closure}()
 4 SYSTEMPATH/Common.php(1134): CodeIgniter\View\View->render('admin/templates/header', [], true)
 5 APPPATH/Controllers/Admin/Admin.php(11): view('admin/templates/header')
 6 SYSTEMPATH/CodeIgniter.php(927): App\Controllers\Admin\Admin->index()
 7 SYSTEMPATH/CodeIgniter.php(482): CodeIgniter\CodeIgniter->runController(Object(App\Controllers\Admin\Admin))
 8 SYSTEMPATH/CodeIgniter.php(351): CodeIgniter\CodeIgniter->handleRequest(null, Object(Config\Cache), false)
 9 FCPATH/index.php(67): CodeIgniter\CodeIgniter->run()
CRITICAL - 2022-12-04 15:33:35 --> Undefined array key "pesquisa"
in APPPATH/Views/admin/templates/header.php on line 40.
 1 APPPATH/Views/admin/templates/header.php(40): CodeIgniter\Debug\Exceptions->errorHandler(2, 'Undefined array key "pesquisa"', 'APPPATH/Views/admin/templates/header.php', 40)
 2 SYSTEMPATH/View/View.php(213): include('APPPATH/Views/admin/templates/header.php')
 3 SYSTEMPATH/View/View.php(216): CodeIgniter\View\View->CodeIgniter\View\{closure}()
 4 SYSTEMPATH/Common.php(1134): CodeIgniter\View\View->render('admin/templates/header', [], true)
 5 APPPATH/Controllers/Admin/Admin.php(11): view('admin/templates/header')
 6 SYSTEMPATH/CodeIgniter.php(927): App\Controllers\Admin\Admin->index()
 7 SYSTEMPATH/CodeIgniter.php(482): CodeIgniter\CodeIgniter->runController(Object(App\Controllers\Admin\Admin))
 8 SYSTEMPATH/CodeIgniter.php(351): CodeIgniter\CodeIgniter->handleRequest(null, Object(Config\Cache), false)
 9 FCPATH/index.php(67): CodeIgniter\CodeIgniter->run()
CRITICAL - 2022-12-04 15:34:58 --> Undefined array key "pesquisa"
in APPPATH/Views/admin/templates/header.php on line 40.
 1 APPPATH/Views/admin/templates/header.php(40): CodeIgniter\Debug\Exceptions->errorHandler(2, 'Undefined array key "pesquisa"', 'APPPATH/Views/admin/templates/header.php', 40)
 2 SYSTEMPATH/View/View.php(213): include('APPPATH/Views/admin/templates/header.php')
 3 SYSTEMPATH/View/View.php(216): CodeIgniter\View\View->CodeIgniter\View\{closure}()
 4 SYSTEMPATH/Common.php(1134): CodeIgniter\View\View->render('admin/templates/header', [], true)
 5 APPPATH/Controllers/Admin/Admin.php(11): view('admin/templates/header')
 6 SYSTEMPATH/CodeIgniter.php(927): App\Controllers\Admin\Admin->index()
 7 SYSTEMPATH/CodeIgniter.php(482): CodeIgniter\CodeIgniter->runController(Object(App\Controllers\Admin\Admin))
 8 SYSTEMPATH/CodeIgniter.php(351): CodeIgniter\CodeIgniter->handleRequest(null, Object(Config\Cache), false)
 9 FCPATH/index.php(67): CodeIgniter\CodeIgniter->run()
CRITICAL - 2022-12-04 15:35:15 --> Undefined array key "pesquisa"
in APPPATH/Views/admin/templates/header.php on line 40.
 1 APPPATH/Views/admin/templates/header.php(40): CodeIgniter\Debug\Exceptions->errorHandler(2, 'Undefined array key "pesquisa"', 'APPPATH/Views/admin/templates/header.php', 40)
 2 SYSTEMPATH/View/View.php(213): include('APPPATH/Views/admin/templates/header.php')
 3 SYSTEMPATH/View/View.php(216): CodeIgniter\View\View->CodeIgniter\View\{closure}()
 4 SYSTEMPATH/Common.php(1134): CodeIgniter\View\View->render('admin/templates/header', [], true)
 5 APPPATH/Controllers/Admin/Admin.php(11): view('admin/templates/header')
 6 SYSTEMPATH/CodeIgniter.php(927): App\Controllers\Admin\Admin->index()
 7 SYSTEMPATH/CodeIgniter.php(482): CodeIgniter\CodeIgniter->runController(Object(App\Controllers\Admin\Admin))
 8 SYSTEMPATH/CodeIgniter.php(351): CodeIgniter\CodeIgniter->handleRequest(null, Object(Config\Cache), false)
 9 FCPATH/index.php(67): CodeIgniter\CodeIgniter->run()
CRITICAL - 2022-12-04 15:36:12 --> Undefined variable $search
in APPPATH/Views/admin/templates/header.php on line 40.
 1 APPPATH/Views/admin/templates/header.php(40): CodeIgniter\Debug\Exceptions->errorHandler(2, 'Undefined variable $search', 'APPPATH/Views/admin/templates/header.php', 40)
 2 SYSTEMPATH/View/View.php(213): include('APPPATH/Views/admin/templates/header.php')
 3 SYSTEMPATH/View/View.php(216): CodeIgniter\View\View->CodeIgniter\View\{closure}()
 4 SYSTEMPATH/Common.php(1134): CodeIgniter\View\View->render('admin/templates/header', [], true)
 5 APPPATH/Controllers/Admin/Admin.php(11): view('admin/templates/header')
 6 SYSTEMPATH/CodeIgniter.php(927): App\Controllers\Admin\Admin->index()
 7 SYSTEMPATH/CodeIgniter.php(482): CodeIgniter\CodeIgniter->runController(Object(App\Controllers\Admin\Admin))
 8 SYSTEMPATH/CodeIgniter.php(351): CodeIgniter\CodeIgniter->handleRequest(null, Object(Config\Cache), false)
 9 FCPATH/index.php(67): CodeIgniter\CodeIgniter->run()
CRITICAL - 2022-12-04 15:37:11 --> Undefined variable $client
in APPPATH/Views/admin/templates/header.php on line 40.
 1 APPPATH/Views/admin/templates/header.php(40): CodeIgniter\Debug\Exceptions->errorHandler(2, 'Undefined variable $client', 'APPPATH/Views/admin/templates/header.php', 40)
 2 SYSTEMPATH/View/View.php(213): include('APPPATH/Views/admin/templates/header.php')
 3 SYSTEMPATH/View/View.php(216): CodeIgniter\View\View->CodeIgniter\View\{closure}()
 4 SYSTEMPATH/Common.php(1134): CodeIgniter\View\View->render('admin/templates/header', [], true)
 5 APPPATH/Controllers/Admin/Admin.php(11): view('admin/templates/header')
 6 SYSTEMPATH/CodeIgniter.php(927): App\Controllers\Admin\Admin->index()
 7 SYSTEMPATH/CodeIgniter.php(482): CodeIgniter\CodeIgniter->runController(Object(App\Controllers\Admin\Admin))
 8 SYSTEMPATH/CodeIgniter.php(351): CodeIgniter\CodeIgniter->handleRequest(null, Object(Config\Cache), false)
 9 FCPATH/index.php(67): CodeIgniter\CodeIgniter->run()
CRITICAL - 2022-12-04 15:38:14 --> Undefined variable $arrayClients
in APPPATH/Views/admin/templates/header.php on line 40.
 1 APPPATH/Views/admin/templates/header.php(40): CodeIgniter\Debug\Exceptions->errorHandler(2, 'Undefined variable $arrayClients', 'APPPATH/Views/admin/templates/header.php', 40)
 2 SYSTEMPATH/View/View.php(213): include('APPPATH/Views/admin/templates/header.php')
 3 SYSTEMPATH/View/View.php(216): CodeIgniter\View\View->CodeIgniter\View\{closure}()
 4 SYSTEMPATH/Common.php(1134): CodeIgniter\View\View->render('admin/templates/header', [], true)
 5 APPPATH/Controllers/Admin/Admin.php(11): view('admin/templates/header')
 6 SYSTEMPATH/CodeIgniter.php(927): App\Controllers\Admin\Admin->index()
 7 SYSTEMPATH/CodeIgniter.php(482): CodeIgniter\CodeIgniter->runController(Object(App\Controllers\Admin\Admin))
 8 SYSTEMPATH/CodeIgniter.php(351): CodeIgniter\CodeIgniter->handleRequest(null, Object(Config\Cache), false)
 9 FCPATH/index.php(67): CodeIgniter\CodeIgniter->run()
CRITICAL - 2022-12-04 15:41:10 --> Array to string conversion
in APPPATH/Views/admin/templates/header.php on line 40.
 1 APPPATH/Views/admin/templates/header.php(40): CodeIgniter\Debug\Exceptions->errorHandler(2, 'Array to string conversion', 'APPPATH/Views/admin/templates/header.php', 40)
 2 SYSTEMPATH/View/View.php(213): include('APPPATH/Views/admin/templates/header.php')
 3 SYSTEMPATH/View/View.php(216): CodeIgniter\View\View->CodeIgniter\View\{closure}()
 4 SYSTEMPATH/Common.php(1134): CodeIgniter\View\View->render('admin/templates/header', [], true)
 5 APPPATH/Controllers/Admin/Admin.php(11): view('admin/templates/header')
 6 SYSTEMPATH/CodeIgniter.php(927): App\Controllers\Admin\Admin->index()
 7 SYSTEMPATH/CodeIgniter.php(482): CodeIgniter\CodeIgniter->runController(Object(App\Controllers\Admin\Admin))
 8 SYSTEMPATH/CodeIgniter.php(351): CodeIgniter\CodeIgniter->handleRequest(null, Object(Config\Cache), false)
 9 FCPATH/index.php(67): CodeIgniter\CodeIgniter->run()
CRITICAL - 2022-12-04 15:41:48 --> Undefined variable $search
in APPPATH/Views/admin/templates/header.php on line 40.
 1 APPPATH/Views/admin/templates/header.php(40): CodeIgniter\Debug\Exceptions->errorHandler(2, 'Undefined variable $search', 'APPPATH/Views/admin/templates/header.php', 40)
 2 SYSTEMPATH/View/View.php(213): include('APPPATH/Views/admin/templates/header.php')
 3 SYSTEMPATH/View/View.php(216): CodeIgniter\View\View->CodeIgniter\View\{closure}()
 4 SYSTEMPATH/Common.php(1134): CodeIgniter\View\View->render('admin/templates/header', [], true)
 5 APPPATH/Controllers/Admin/Admin.php(11): view('admin/templates/header')
 6 SYSTEMPATH/CodeIgniter.php(927): App\Controllers\Admin\Admin->index()
 7 SYSTEMPATH/CodeIgniter.php(482): CodeIgniter\CodeIgniter->runController(Object(App\Controllers\Admin\Admin))
 8 SYSTEMPATH/CodeIgniter.php(351): CodeIgniter\CodeIgniter->handleRequest(null, Object(Config\Cache), false)
 9 FCPATH/index.php(67): CodeIgniter\CodeIgniter->run()
CRITICAL - 2022-12-04 15:43:33 --> Undefined variable $client
in APPPATH/Views/admin/templates/header.php on line 40.
 1 APPPATH/Views/admin/templates/header.php(40): CodeIgniter\Debug\Exceptions->errorHandler(2, 'Undefined variable $client', 'APPPATH/Views/admin/templates/header.php', 40)
 2 SYSTEMPATH/View/View.php(213): include('APPPATH/Views/admin/templates/header.php')
 3 SYSTEMPATH/View/View.php(216): CodeIgniter\View\View->CodeIgniter\View\{closure}()
 4 SYSTEMPATH/Common.php(1134): CodeIgniter\View\View->render('admin/templates/header', [], true)
 5 APPPATH/Controllers/Admin/Admin.php(11): view('admin/templates/header')
 6 SYSTEMPATH/CodeIgniter.php(927): App\Controllers\Admin\Admin->index()
 7 SYSTEMPATH/CodeIgniter.php(482): CodeIgniter\CodeIgniter->runController(Object(App\Controllers\Admin\Admin))
 8 SYSTEMPATH/CodeIgniter.php(351): CodeIgniter\CodeIgniter->handleRequest(null, Object(Config\Cache), false)
 9 FCPATH/index.php(67): CodeIgniter\CodeIgniter->run()
CRITICAL - 2022-12-04 15:44:27 --> Undefined variable $search
in APPPATH/Views/admin/templates/header.php on line 40.
 1 APPPATH/Views/admin/templates/header.php(40): CodeIgniter\Debug\Exceptions->errorHandler(2, 'Undefined variable $search', 'APPPATH/Views/admin/templates/header.php', 40)
 2 SYSTEMPATH/View/View.php(213): include('APPPATH/Views/admin/templates/header.php')
 3 SYSTEMPATH/View/View.php(216): CodeIgniter\View\View->CodeIgniter\View\{closure}()
 4 SYSTEMPATH/Common.php(1134): CodeIgniter\View\View->render('admin/templates/header', [], true)
 5 APPPATH/Controllers/Admin/Admin.php(11): view('admin/templates/header')
 6 SYSTEMPATH/CodeIgniter.php(927): App\Controllers\Admin\Admin->index()
 7 SYSTEMPATH/CodeIgniter.php(482): CodeIgniter\CodeIgniter->runController(Object(App\Controllers\Admin\Admin))
 8 SYSTEMPATH/CodeIgniter.php(351): CodeIgniter\CodeIgniter->handleRequest(null, Object(Config\Cache), false)
 9 FCPATH/index.php(67): CodeIgniter\CodeIgniter->run()
CRITICAL - 2022-12-04 15:45:55 --> Undefined variable $clients
in APPPATH/Views/admin/clients/listClient.php on line 13.
 1 APPPATH/Views/admin/clients/listClient.php(13): CodeIgniter\Debug\Exceptions->errorHandler(2, 'Undefined variable $clients', 'APPPATH/Views/admin/clients/listClient.php', 13)
 2 SYSTEMPATH/View/View.php(213): include('APPPATH/Views/admin/clients/listClient.php')
 3 SYSTEMPATH/View/View.php(216): CodeIgniter\View\View->CodeIgniter\View\{closure}()
 4 SYSTEMPATH/Common.php(1134): CodeIgniter\View\View->render('admin/clients/listClient', [], true)
 5 APPPATH/Controllers/Admin/Client.php(95): view('admin/clients/listClient', [...])
 6 SYSTEMPATH/CodeIgniter.php(927): App\Controllers\Admin\Client->getClientsFor('$search("pesquisa")')
 7 SYSTEMPATH/CodeIgniter.php(482): CodeIgniter\CodeIgniter->runController(Object(App\Controllers\Admin\Client))
 8 SYSTEMPATH/CodeIgniter.php(351): CodeIgniter\CodeIgniter->handleRequest(null, Object(Config\Cache), false)
 9 FCPATH/index.php(67): CodeIgniter\CodeIgniter->run()
CRITICAL - 2022-12-04 15:45:56 --> Undefined variable $clients
in APPPATH/Views/admin/clients/listClient.php on line 13.
 1 APPPATH/Views/admin/clients/listClient.php(13): CodeIgniter\Debug\Exceptions->errorHandler(2, 'Undefined variable $clients', 'APPPATH/Views/admin/clients/listClient.php', 13)
 2 SYSTEMPATH/View/View.php(213): include('APPPATH/Views/admin/clients/listClient.php')
 3 SYSTEMPATH/View/View.php(216): CodeIgniter\View\View->CodeIgniter\View\{closure}()
 4 SYSTEMPATH/Common.php(1134): CodeIgniter\View\View->render('admin/clients/listClient', [], true)
 5 APPPATH/Controllers/Admin/Client.php(95): view('admin/clients/listClient', [...])
 6 SYSTEMPATH/CodeIgniter.php(927): App\Controllers\Admin\Client->getClientsFor('FCPATH/assets', 'js', 'script.js')
 7 SYSTEMPATH/CodeIgniter.php(482): CodeIgniter\CodeIgniter->runController(Object(App\Controllers\Admin\Client))
 8 SYSTEMPATH/CodeIgniter.php(351): CodeIgniter\CodeIgniter->handleRequest(null, Object(Config\Cache), false)
 9 FCPATH/index.php(67): CodeIgniter\CodeIgniter->run()
CRITICAL - 2022-12-04 15:47:09 --> Undefined variable $search
in APPPATH/Views/admin/clients/listClient.php on line 13.
 1 APPPATH/Views/admin/clients/listClient.php(13): CodeIgniter\Debug\Exceptions->errorHandler(2, 'Undefined variable $search', 'APPPATH/Views/admin/clients/listClient.php', 13)
 2 SYSTEMPATH/View/View.php(213): include('APPPATH/Views/admin/clients/listClient.php')
 3 SYSTEMPATH/View/View.php(216): CodeIgniter\View\View->CodeIgniter\View\{closure}()
 4 SYSTEMPATH/Common.php(1134): CodeIgniter\View\View->render('admin/clients/listClient', [], true)
 5 APPPATH/Controllers/Admin/Client.php(95): view('admin/clients/listClient', [...])
 6 SYSTEMPATH/CodeIgniter.php(927): App\Controllers\Admin\Client->getClientsFor('$search("pesquisa")')
 7 SYSTEMPATH/CodeIgniter.php(482): CodeIgniter\CodeIgniter->runController(Object(App\Controllers\Admin\Client))
 8 SYSTEMPATH/CodeIgniter.php(351): CodeIgniter\CodeIgniter->handleRequest(null, Object(Config\Cache), false)
 9 FCPATH/index.php(67): CodeIgniter\CodeIgniter->run()
CRITICAL - 2022-12-04 15:47:09 --> Undefined variable $search
in APPPATH/Views/admin/clients/listClient.php on line 13.
 1 APPPATH/Views/admin/clients/listClient.php(13): CodeIgniter\Debug\Exceptions->errorHandler(2, 'Undefined variable $search', 'APPPATH/Views/admin/clients/listClient.php', 13)
 2 SYSTEMPATH/View/View.php(213): include('APPPATH/Views/admin/clients/listClient.php')
 3 SYSTEMPATH/View/View.php(216): CodeIgniter\View\View->CodeIgniter\View\{closure}()
 4 SYSTEMPATH/Common.php(1134): CodeIgniter\View\View->render('admin/clients/listClient', [], true)
 5 APPPATH/Controllers/Admin/Client.php(95): view('admin/clients/listClient', [...])
 6 SYSTEMPATH/CodeIgniter.php(927): App\Controllers\Admin\Client->getClientsFor('FCPATH/assets', 'js', 'script.js')
 7 SYSTEMPATH/CodeIgniter.php(482): CodeIgniter\CodeIgniter->runController(Object(App\Controllers\Admin\Client))
 8 SYSTEMPATH/CodeIgniter.php(351): CodeIgniter\CodeIgniter->handleRequest(null, Object(Config\Cache), false)
 9 FCPATH/index.php(67): CodeIgniter\CodeIgniter->run()
CRITICAL - 2022-12-04 15:49:14 --> Undefined variable $clients
in APPPATH/Views/admin/clients/listClient.php on line 13.
 1 APPPATH/Views/admin/clients/listClient.php(13): CodeIgniter\Debug\Exceptions->errorHandler(2, 'Undefined variable $clients', 'APPPATH/Views/admin/clients/listClient.php', 13)
 2 SYSTEMPATH/View/View.php(213): include('APPPATH/Views/admin/clients/listClient.php')
 3 SYSTEMPATH/View/View.php(216): CodeIgniter\View\View->CodeIgniter\View\{closure}()
 4 SYSTEMPATH/Common.php(1134): CodeIgniter\View\View->render('admin/clients/listClient', [], true)
 5 APPPATH/Controllers/Admin/Client.php(95): view('admin/clients/listClient', [...])
 6 SYSTEMPATH/CodeIgniter.php(927): App\Controllers\Admin\Client->getClientsFor('$search("pesquisa")')
 7 SYSTEMPATH/CodeIgniter.php(482): CodeIgniter\CodeIgniter->runController(Object(App\Controllers\Admin\Client))
 8 SYSTEMPATH/CodeIgniter.php(351): CodeIgniter\CodeIgniter->handleRequest(null, Object(Config\Cache), false)
 9 FCPATH/index.php(67): CodeIgniter\CodeIgniter->run()
CRITICAL - 2022-12-04 15:49:15 --> Undefined variable $clients
in APPPATH/Views/admin/clients/listClient.php on line 13.
 1 APPPATH/Views/admin/clients/listClient.php(13): CodeIgniter\Debug\Exceptions->errorHandler(2, 'Undefined variable $clients', 'APPPATH/Views/admin/clients/listClient.php', 13)
 2 SYSTEMPATH/View/View.php(213): include('APPPATH/Views/admin/clients/listClient.php')
 3 SYSTEMPATH/View/View.php(216): CodeIgniter\View\View->CodeIgniter\View\{closure}()
 4 SYSTEMPATH/Common.php(1134): CodeIgniter\View\View->render('admin/clients/listClient', [], true)
 5 APPPATH/Controllers/Admin/Client.php(95): view('admin/clients/listClient', [...])
 6 SYSTEMPATH/CodeIgniter.php(927): App\Controllers\Admin\Client->getClientsFor('FCPATH/assets', 'js', 'script.js')
 7 SYSTEMPATH/CodeIgniter.php(482): CodeIgniter\CodeIgniter->runController(Object(App\Controllers\Admin\Client))
 8 SYSTEMPATH/CodeIgniter.php(351): CodeIgniter\CodeIgniter->handleRequest(null, Object(Config\Cache), false)
 9 FCPATH/index.php(67): CodeIgniter\CodeIgniter->run()
CRITICAL - 2022-12-04 15:50:00 --> Undefined variable $search
in APPPATH/Views/admin/templates/header.php on line 40.
 1 APPPATH/Views/admin/templates/header.php(40): CodeIgniter\Debug\Exceptions->errorHandler(2, 'Undefined variable $search', 'APPPATH/Views/admin/templates/header.php', 40)
 2 SYSTEMPATH/View/View.php(213): include('APPPATH/Views/admin/templates/header.php')
 3 SYSTEMPATH/View/View.php(216): CodeIgniter\View\View->CodeIgniter\View\{closure}()
 4 SYSTEMPATH/Common.php(1134): CodeIgniter\View\View->render('admin/templates/header', [], true)
 5 APPPATH/Controllers/Admin/Client.php(94): view('admin/templates/header')
 6 SYSTEMPATH/CodeIgniter.php(927): App\Controllers\Admin\Client->getClientsFor('$search("pesquisa")')
 7 SYSTEMPATH/CodeIgniter.php(482): CodeIgniter\CodeIgniter->runController(Object(App\Controllers\Admin\Client))
 8 SYSTEMPATH/CodeIgniter.php(351): CodeIgniter\CodeIgniter->handleRequest(null, Object(Config\Cache), false)
 9 FCPATH/index.php(67): CodeIgniter\CodeIgniter->run()
CRITICAL - 2022-12-04 15:52:35 --> Undefined variable $search
in APPPATH/Views/admin/templates/header.php on line 40.
 1 APPPATH/Views/admin/templates/header.php(40): CodeIgniter\Debug\Exceptions->errorHandler(2, 'Undefined variable $search', 'APPPATH/Views/admin/templates/header.php', 40)
 2 SYSTEMPATH/View/View.php(213): include('APPPATH/Views/admin/templates/header.php')
 3 SYSTEMPATH/View/View.php(216): CodeIgniter\View\View->CodeIgniter\View\{closure}()
 4 SYSTEMPATH/Common.php(1134): CodeIgniter\View\View->render('admin/templates/header', [], true)
 5 APPPATH/Controllers/Admin/Client.php(94): view('admin/templates/header')
 6 SYSTEMPATH/CodeIgniter.php(927): App\Controllers\Admin\Client->getClientsFor('$search("pesquisa")')
 7 SYSTEMPATH/CodeIgniter.php(482): CodeIgniter\CodeIgniter->runController(Object(App\Controllers\Admin\Client))
 8 SYSTEMPATH/CodeIgniter.php(351): CodeIgniter\CodeIgniter->handleRequest(null, Object(Config\Cache), false)
 9 FCPATH/index.php(67): CodeIgniter\CodeIgniter->run()
CRITICAL - 2022-12-04 15:53:31 --> Undefined variable $clients
in APPPATH/Views/admin/clients/listClient.php on line 13.
 1 APPPATH/Views/admin/clients/listClient.php(13): CodeIgniter\Debug\Exceptions->errorHandler(2, 'Undefined variable $clients', 'APPPATH/Views/admin/clients/listClient.php', 13)
 2 SYSTEMPATH/View/View.php(213): include('APPPATH/Views/admin/clients/listClient.php')
 3 SYSTEMPATH/View/View.php(216): CodeIgniter\View\View->CodeIgniter\View\{closure}()
 4 SYSTEMPATH/Common.php(1134): CodeIgniter\View\View->render('admin/clients/listClient', [], true)
 5 APPPATH/Controllers/Admin/Client.php(95): view('admin/clients/listClient', [...])
 6 SYSTEMPATH/CodeIgniter.php(927): App\Controllers\Admin\Client->getClientsFor('$search("pesquisa")')
 7 SYSTEMPATH/CodeIgniter.php(482): CodeIgniter\CodeIgniter->runController(Object(App\Controllers\Admin\Client))
 8 SYSTEMPATH/CodeIgniter.php(351): CodeIgniter\CodeIgniter->handleRequest(null, Object(Config\Cache), false)
 9 FCPATH/index.php(67): CodeIgniter\CodeIgniter->run()
CRITICAL - 2022-12-04 15:53:31 --> Undefined variable $clients
in APPPATH/Views/admin/clients/listClient.php on line 13.
 1 APPPATH/Views/admin/clients/listClient.php(13): CodeIgniter\Debug\Exceptions->errorHandler(2, 'Undefined variable $clients', 'APPPATH/Views/admin/clients/listClient.php', 13)
 2 SYSTEMPATH/View/View.php(213): include('APPPATH/Views/admin/clients/listClient.php')
 3 SYSTEMPATH/View/View.php(216): CodeIgniter\View\View->CodeIgniter\View\{closure}()
 4 SYSTEMPATH/Common.php(1134): CodeIgniter\View\View->render('admin/clients/listClient', [], true)
 5 APPPATH/Controllers/Admin/Client.php(95): view('admin/clients/listClient', [...])
 6 SYSTEMPATH/CodeIgniter.php(927): App\Controllers\Admin\Client->getClientsFor('FCPATH/assets', 'js', 'script.js')
 7 SYSTEMPATH/CodeIgniter.php(482): CodeIgniter\CodeIgniter->runController(Object(App\Controllers\Admin\Client))
 8 SYSTEMPATH/CodeIgniter.php(351): CodeIgniter\CodeIgniter->handleRequest(null, Object(Config\Cache), false)
 9 FCPATH/index.php(67): CodeIgniter\CodeIgniter->run()
CRITICAL - 2022-12-04 15:53:39 --> Undefined variable $clients
in APPPATH/Views/admin/clients/listClient.php on line 13.
 1 APPPATH/Views/admin/clients/listClient.php(13): CodeIgniter\Debug\Exceptions->errorHandler(2, 'Undefined variable $clients', 'APPPATH/Views/admin/clients/listClient.php', 13)
 2 SYSTEMPATH/View/View.php(213): include('APPPATH/Views/admin/clients/listClient.php')
 3 SYSTEMPATH/View/View.php(216): CodeIgniter\View\View->CodeIgniter\View\{closure}()
 4 SYSTEMPATH/Common.php(1134): CodeIgniter\View\View->render('admin/clients/listClient', [], true)
 5 APPPATH/Controllers/Admin/Client.php(95): view('admin/clients/listClient', [...])
 6 SYSTEMPATH/CodeIgniter.php(927): App\Controllers\Admin\Client->getClientsFor('$search("pesquisa")')
 7 SYSTEMPATH/CodeIgniter.php(482): CodeIgniter\CodeIgniter->runController(Object(App\Controllers\Admin\Client))
 8 SYSTEMPATH/CodeIgniter.php(351): CodeIgniter\CodeIgniter->handleRequest(null, Object(Config\Cache), false)
 9 FCPATH/index.php(67): CodeIgniter\CodeIgniter->run()
CRITICAL - 2022-12-04 15:53:39 --> Undefined variable $clients
in APPPATH/Views/admin/clients/listClient.php on line 13.
 1 APPPATH/Views/admin/clients/listClient.php(13): CodeIgniter\Debug\Exceptions->errorHandler(2, 'Undefined variable $clients', 'APPPATH/Views/admin/clients/listClient.php', 13)
 2 SYSTEMPATH/View/View.php(213): include('APPPATH/Views/admin/clients/listClient.php')
 3 SYSTEMPATH/View/View.php(216): CodeIgniter\View\View->CodeIgniter\View\{closure}()
 4 SYSTEMPATH/Common.php(1134): CodeIgniter\View\View->render('admin/clients/listClient', [], true)
 5 APPPATH/Controllers/Admin/Client.php(95): view('admin/clients/listClient', [...])
 6 SYSTEMPATH/CodeIgniter.php(927): App\Controllers\Admin\Client->getClientsFor('FCPATH/assets', 'js', 'script.js')
 7 SYSTEMPATH/CodeIgniter.php(482): CodeIgniter\CodeIgniter->runController(Object(App\Controllers\Admin\Client))
 8 SYSTEMPATH/CodeIgniter.php(351): CodeIgniter\CodeIgniter->handleRequest(null, Object(Config\Cache), false)
 9 FCPATH/index.php(67): CodeIgniter\CodeIgniter->run()
CRITICAL - 2022-12-04 15:53:41 --> Undefined variable $clients
in APPPATH/Views/admin/clients/listClient.php on line 13.
 1 APPPATH/Views/admin/clients/listClient.php(13): CodeIgniter\Debug\Exceptions->errorHandler(2, 'Undefined variable $clients', 'APPPATH/Views/admin/clients/listClient.php', 13)
 2 SYSTEMPATH/View/View.php(213): include('APPPATH/Views/admin/clients/listClient.php')
 3 SYSTEMPATH/View/View.php(216): CodeIgniter\View\View->CodeIgniter\View\{closure}()
 4 SYSTEMPATH/Common.php(1134): CodeIgniter\View\View->render('admin/clients/listClient', [], true)
 5 APPPATH/Controllers/Admin/Client.php(95): view('admin/clients/listClient', [...])
 6 SYSTEMPATH/CodeIgniter.php(927): App\Controllers\Admin\Client->getClientsFor('$search("pesquisa")')
 7 SYSTEMPATH/CodeIgniter.php(482): CodeIgniter\CodeIgniter->runController(Object(App\Controllers\Admin\Client))
 8 SYSTEMPATH/CodeIgniter.php(351): CodeIgniter\CodeIgniter->handleRequest(null, Object(Config\Cache), false)
 9 FCPATH/index.php(67): CodeIgniter\CodeIgniter->run()
CRITICAL - 2022-12-04 15:53:42 --> Undefined variable $clients
in APPPATH/Views/admin/clients/listClient.php on line 13.
 1 APPPATH/Views/admin/clients/listClient.php(13): CodeIgniter\Debug\Exceptions->errorHandler(2, 'Undefined variable $clients', 'APPPATH/Views/admin/clients/listClient.php', 13)
 2 SYSTEMPATH/View/View.php(213): include('APPPATH/Views/admin/clients/listClient.php')
 3 SYSTEMPATH/View/View.php(216): CodeIgniter\View\View->CodeIgniter\View\{closure}()
 4 SYSTEMPATH/Common.php(1134): CodeIgniter\View\View->render('admin/clients/listClient', [], true)
 5 APPPATH/Controllers/Admin/Client.php(95): view('admin/clients/listClient', [...])
 6 SYSTEMPATH/CodeIgniter.php(927): App\Controllers\Admin\Client->getClientsFor('FCPATH/assets', 'js', 'script.js')
 7 SYSTEMPATH/CodeIgniter.php(482): CodeIgniter\CodeIgniter->runController(Object(App\Controllers\Admin\Client))
 8 SYSTEMPATH/CodeIgniter.php(351): CodeIgniter\CodeIgniter->handleRequest(null, Object(Config\Cache), false)
 9 FCPATH/index.php(67): CodeIgniter\CodeIgniter->run()
CRITICAL - 2022-12-04 15:54:08 --> Undefined variable $search
in APPPATH/Views/admin/templates/header.php on line 40.
 1 APPPATH/Views/admin/templates/header.php(40): CodeIgniter\Debug\Exceptions->errorHandler(2, 'Undefined variable $search', 'APPPATH/Views/admin/templates/header.php', 40)
 2 SYSTEMPATH/View/View.php(213): include('APPPATH/Views/admin/templates/header.php')
 3 SYSTEMPATH/View/View.php(216): CodeIgniter\View\View->CodeIgniter\View\{closure}()
 4 SYSTEMPATH/Common.php(1134): CodeIgniter\View\View->render('admin/templates/header', [], true)
 5 APPPATH/Controllers/Admin/Client.php(94): view('admin/templates/header')
 6 SYSTEMPATH/CodeIgniter.php(927): App\Controllers\Admin\Client->getClientsFor('$search("pesquisa")')
 7 SYSTEMPATH/CodeIgniter.php(482): CodeIgniter\CodeIgniter->runController(Object(App\Controllers\Admin\Client))
 8 SYSTEMPATH/CodeIgniter.php(351): CodeIgniter\CodeIgniter->handleRequest(null, Object(Config\Cache), false)
 9 FCPATH/index.php(67): CodeIgniter\CodeIgniter->run()
CRITICAL - 2022-12-04 15:55:05 --> Undefined variable $search
in APPPATH/Views/admin/templates/header.php on line 40.
 1 APPPATH/Views/admin/templates/header.php(40): CodeIgniter\Debug\Exceptions->errorHandler(2, 'Undefined variable $search', 'APPPATH/Views/admin/templates/header.php', 40)
 2 SYSTEMPATH/View/View.php(213): include('APPPATH/Views/admin/templates/header.php')
 3 SYSTEMPATH/View/View.php(216): CodeIgniter\View\View->CodeIgniter\View\{closure}()
 4 SYSTEMPATH/Common.php(1134): CodeIgniter\View\View->render('admin/templates/header', [], true)
 5 APPPATH/Controllers/Admin/Client.php(94): view('admin/templates/header')
 6 SYSTEMPATH/CodeIgniter.php(927): App\Controllers\Admin\Client->getClientsFor('$search("pesquisa")')
 7 SYSTEMPATH/CodeIgniter.php(482): CodeIgniter\CodeIgniter->runController(Object(App\Controllers\Admin\Client))
 8 SYSTEMPATH/CodeIgniter.php(351): CodeIgniter\CodeIgniter->handleRequest(null, Object(Config\Cache), false)
 9 FCPATH/index.php(67): CodeIgniter\CodeIgniter->run()
