CRITICAL - 2022-11-23 16:43:24 --> The namespace delimiter is a backslash (\), not a slash (/). Route handler: \App\Controllers\Admin/Client::listClient
in SYSTEMPATH/Router/Router.php on line 466.
 1 SYSTEMPATH/Router/Router.php(466): CodeIgniter\Router\Exceptions\RouterException::forInvalidControllerName('\\App\\Controllers\\Admin/Client::listClient')
 2 SYSTEMPATH/Router/Router.php(181): CodeIgniter\Router\Router->checkRoutes('admin/listClients')
 3 SYSTEMPATH/CodeIgniter.php(802): CodeIgniter\Router\Router->handle('admin/listClients')
 4 SYSTEMPATH/CodeIgniter.php(430): CodeIgniter\CodeIgniter->tryToRouteIt(Object(CodeIgniter\Router\RouteCollection))
 5 SYSTEMPATH/CodeIgniter.php(351): CodeIgniter\CodeIgniter->handleRequest(null, Object(Config\Cache), false)
 6 FCPATH/index.php(67): CodeIgniter\CodeIgniter->run()
CRITICAL - 2022-11-23 16:53:06 --> Invalid file: admin/client/listClients.php
in SYSTEMPATH/Exceptions/FrameworkException.php on line 33.
 1 SYSTEMPATH/View/View.php(201): CodeIgniter\Exceptions\FrameworkException::forInvalidFile('admin/client/listClients.php')
 2 SYSTEMPATH/Common.php(1134): CodeIgniter\View\View->render('admin/client/listClients', [], true)
 3 APPPATH/Controllers/Admin/Client.php(28): view('admin/client/listClients', [...])
 4 SYSTEMPATH/CodeIgniter.php(927): App\Controllers\Admin\Client->listClient()
 5 SYSTEMPATH/CodeIgniter.php(482): CodeIgniter\CodeIgniter->runController(Object(App\Controllers\Admin\Client))
 6 SYSTEMPATH/CodeIgniter.php(351): CodeIgniter\CodeIgniter->handleRequest(null, Object(Config\Cache), false)
 7 FCPATH/index.php(67): CodeIgniter\CodeIgniter->run()
CRITICAL - 2022-11-23 16:53:24 --> Invalid file: admin/clients/listClients.php
in SYSTEMPATH/Exceptions/FrameworkException.php on line 33.
 1 SYSTEMPATH/View/View.php(201): CodeIgniter\Exceptions\FrameworkException::forInvalidFile('admin/clients/listClients.php')
 2 SYSTEMPATH/Common.php(1134): CodeIgniter\View\View->render('admin/clients/listClients', [], true)
 3 APPPATH/Controllers/Admin/Client.php(28): view('admin/clients/listClients', [...])
 4 SYSTEMPATH/CodeIgniter.php(927): App\Controllers\Admin\Client->listClient()
 5 SYSTEMPATH/CodeIgniter.php(482): CodeIgniter\CodeIgniter->runController(Object(App\Controllers\Admin\Client))
 6 SYSTEMPATH/CodeIgniter.php(351): CodeIgniter\CodeIgniter->handleRequest(null, Object(Config\Cache), false)
 7 FCPATH/index.php(67): CodeIgniter\CodeIgniter->run()
CRITICAL - 2022-11-23 16:53:27 --> Invalid file: admin/clients/listClients.php
in SYSTEMPATH/Exceptions/FrameworkException.php on line 33.
 1 SYSTEMPATH/View/View.php(201): CodeIgniter\Exceptions\FrameworkException::forInvalidFile('admin/clients/listClients.php')
 2 SYSTEMPATH/Common.php(1134): CodeIgniter\View\View->render('admin/clients/listClients', [], true)
 3 APPPATH/Controllers/Admin/Client.php(28): view('admin/clients/listClients', [...])
 4 SYSTEMPATH/CodeIgniter.php(927): App\Controllers\Admin\Client->listClient()
 5 SYSTEMPATH/CodeIgniter.php(482): CodeIgniter\CodeIgniter->runController(Object(App\Controllers\Admin\Client))
 6 SYSTEMPATH/CodeIgniter.php(351): CodeIgniter\CodeIgniter->handleRequest(null, Object(Config\Cache), false)
 7 FCPATH/index.php(67): CodeIgniter\CodeIgniter->run()
CRITICAL - 2022-11-23 18:41:20 --> Invalid file: admin/client/insert.php
in SYSTEMPATH/Exceptions/FrameworkException.php on line 33.
 1 SYSTEMPATH/View/View.php(201): CodeIgniter\Exceptions\FrameworkException::forInvalidFile('admin/client/insert.php')
 2 SYSTEMPATH/Common.php(1134): CodeIgniter\View\View->render('admin/client/insert', [], true)
 3 APPPATH/Controllers/Admin/Client.php(34): view('admin/client/insert')
 4 SYSTEMPATH/CodeIgniter.php(927): App\Controllers\Admin\Client->insertClient()
 5 SYSTEMPATH/CodeIgniter.php(482): CodeIgniter\CodeIgniter->runController(Object(App\Controllers\Admin\Client))
 6 SYSTEMPATH/CodeIgniter.php(351): CodeIgniter\CodeIgniter->handleRequest(null, Object(Config\Cache), false)
 7 FCPATH/index.php(67): CodeIgniter\CodeIgniter->run()
CRITICAL - 2022-11-23 18:42:11 --> Allowed fields must be specified for model: App\Models\ClientModel
in SYSTEMPATH/BaseModel.php on line 1160.
 1 SYSTEMPATH/BaseModel.php(1160): CodeIgniter\Database\Exceptions\DataException::forInvalidAllowedFields('App\\Models\\ClientModel')
 2 SYSTEMPATH/BaseModel.php(724): CodeIgniter\BaseModel->doProtectFields([...])
 3 SYSTEMPATH/Model.php(667): CodeIgniter\BaseModel->insert([...], true)
 4 APPPATH/Controllers/Admin/Client.php(46): CodeIgniter\Model->insert([...])
 5 SYSTEMPATH/CodeIgniter.php(927): App\Controllers\Admin\Client->insertClientAction()
 6 SYSTEMPATH/CodeIgniter.php(482): CodeIgniter\CodeIgniter->runController(Object(App\Controllers\Admin\Client))
 7 SYSTEMPATH/CodeIgniter.php(351): CodeIgniter\CodeIgniter->handleRequest(null, Object(Config\Cache), false)
 8 FCPATH/index.php(67): CodeIgniter\CodeIgniter->run()
